<?xml version="1.0" encoding="UTF-8"?>
<testsuite name="TaskTest" tests="1" skipped="0" failures="0" errors="0" timestamp="2021-02-18T11:17:28" hostname="LAPTOP-PBCNSV47" time="0.036">
  <properties/>
  <testcase name="shouldExecuteMainMethod()" classname="TaskTest" time="0.036"/>
  <system-out><![CDATA[]]></system-out>
  <system-err><![CDATA[]]></system-err>
</testsuite>
